# JRE version: Java(TM) SE Runtime Environment (16.0.2+7) (build 16.0.2+7-67)
# Java VM: Java HotSpot(TM) 64-Bit Server VM (16.0.2+7-67, mixed mode, sharing, tiered, compressed oops, compressed class ptrs, g1 gc, windows-amd64)
GC Precious Log:
 CPUs: 8 total, 8 available
 Memory: 16214M
 Large Page Support: Disabled
 NUMA Support: Disabled
 Compressed Oops: Enabled (32-bit)
 Heap Region Size: 1M
 Heap Min Capacity: 256M
 Heap Initial Capacity: 256M
 Heap Max Capacity: 512M
 Pre-touch: Disabled
 Parallel Workers: 8
 Concurrent Workers: 2
 Concurrent Refinement Workers: 8
 Periodic GC: Disabled
Heap:
 garbage-first heap   total 262144K, used 117420K [0x00000000e0000000, 0x0000000100000000)
  region size 1024K, 53 young (54272K), 16 survivors (16384K)
 Metaspace       used 59845K, committed 60416K, reserved 270336K
  class space    used 8070K, committed 8320K, reserved 212992K
GC Heap History (16 events):
Event: 0.462 GC heap before
{Heap before GC invocations=0 (full 0):
 garbage-first heap   total 262144K, used 28672K [0x00000000e0000000, 0x0000000100000000)
  region size 1024K, 23 young (23552K), 0 survivors (0K)
 Metaspace       used 3129K, committed 3264K, reserved 221184K
  class space    used 381K, committed 448K, reserved 212992K
}
Event: 0.465 GC heap after
{Heap after GC invocations=1 (full 0):
 garbage-first heap   total 262144K, used 9377K [0x00000000e0000000, 0x0000000100000000)
  region size 1024K, 3 young (3072K), 3 survivors (3072K)
 Metaspace       used 3129K, committed 3264K, reserved 221184K
  class space    used 381K, committed 448K, reserved 212992K
}
Event: 0.711 GC heap before
{Heap before GC invocations=1 (full 0):
 garbage-first heap   total 262144K, used 38049K [0x00000000e0000000, 0x0000000100000000)
  region size 1024K, 31 young (31744K), 3 survivors (3072K)
 Metaspace       used 4071K, committed 4224K, reserved 221184K
  class space    used 475K, committed 576K, reserved 212992K
}
Event: 0.713 GC heap after
{Heap after GC invocations=2 (full 0):
 garbage-first heap   total 262144K, used 11442K [0x00000000e0000000, 0x0000000100000000)
  region size 1024K, 2 young (2048K), 2 survivors (2048K)
 Metaspace       used 4071K, committed 4224K, reserved 221184K
  class space    used 475K, committed 576K, reserved 212992K
}
Event: 2.418 GC heap before
{Heap before GC invocations=2 (full 0):
 garbage-first heap   total 262144K, used 118962K [0x00000000e0000000, 0x0000000100000000)
  region size 1024K, 108 young (110592K), 2 survivors (2048K)
 Metaspace       used 20990K, committed 21248K, reserved 237568K
  class space    used 3038K, committed 3200K, reserved 212992K
}
Event: 2.425 GC heap after
{Heap after GC invocations=3 (full 0):
 garbage-first heap   total 262144K, used 20563K [0x00000000e0000000, 0x0000000100000000)
  region size 1024K, 12 young (12288K), 12 survivors (12288K)
 Metaspace       used 20990K, committed 21248K, reserved 237568K
  class space    used 3038K, committed 3200K, reserved 212992K
}
Event: 4.047 GC heap before
{Heap before GC invocations=4 (full 0):
 garbage-first heap   total 262144K, used 130131K [0x00000000e0000000, 0x0000000100000000)
  region size 1024K, 118 young (120832K), 12 survivors (12288K)
 Metaspace       used 35187K, committed 35520K, reserved 245760K
  class space    used 4805K, committed 4992K, reserved 212992K
}
Event: 4.060 GC heap after
{Heap after GC invocations=5 (full 0):
 garbage-first heap   total 262144K, used 30262K [0x00000000e0000000, 0x0000000100000000)
  region size 1024K, 20 young (20480K), 20 survivors (20480K)
 Metaspace       used 35187K, committed 35520K, reserved 245760K
  class space    used 4805K, committed 4992K, reserved 212992K
}
Event: 6.604 GC heap before
{Heap before GC invocations=6 (full 0):
 garbage-first heap   total 262144K, used 166454K [0x00000000e0000000, 0x0000000100000000)
  region size 1024K, 153 young (156672K), 20 survivors (20480K)
 Metaspace       used 46588K, committed 47040K, reserved 253952K
  class space    used 6517K, committed 6720K, reserved 212992K
}
Event: 6.630 GC heap after
{Heap after GC invocations=7 (full 0):
 garbage-first heap   total 262144K, used 40659K [0x00000000e0000000, 0x0000000100000000)
  region size 1024K, 20 young (20480K), 20 survivors (20480K)
 Metaspace       used 46588K, committed 47040K, reserved 253952K
  class space    used 6517K, committed 6720K, reserved 212992K
}
Event: 8.213 GC heap before
{Heap before GC invocations=7 (full 0):
 garbage-first heap   total 262144K, used 176851K [0x00000000e0000000, 0x0000000100000000)
  region size 1024K, 153 young (156672K), 20 survivors (20480K)
 Metaspace       used 48842K, committed 49344K, reserved 262144K
  class space    used 6674K, committed 6912K, reserved 212992K
}
Event: 8.230 GC heap after
{Heap after GC invocations=8 (full 0):
 garbage-first heap   total 262144K, used 49587K [0x00000000e0000000, 0x0000000100000000)
  region size 1024K, 9 young (9216K), 9 survivors (9216K)
 Metaspace       used 48842K, committed 49344K, reserved 262144K
  class space    used 6674K, committed 6912K, reserved 212992K
}
Event: 9.515 GC heap before
{Heap before GC invocations=8 (full 0):
 garbage-first heap   total 262144K, used 198067K [0x00000000e0000000, 0x0000000100000000)
  region size 1024K, 153 young (156672K), 9 survivors (9216K)
 Metaspace       used 52008K, committed 52672K, reserved 262144K
  class space    used 7101K, committed 7424K, reserved 212992K
}
Event: 9.548 GC heap after
{Heap after GC invocations=9 (full 0):
 garbage-first heap   total 262144K, used 63263K [0x00000000e0000000, 0x0000000100000000)
  region size 1024K, 20 young (20480K), 20 survivors (20480K)
 Metaspace       used 52008K, committed 52672K, reserved 262144K
  class space    used 7101K, committed 7424K, reserved 212992K
}
Event: 10.966 GC heap before
{Heap before GC invocations=9 (full 0):
 garbage-first heap   total 262144K, used 190239K [0x00000000e0000000, 0x0000000100000000)
  region size 1024K, 144 young (147456K), 20 survivors (20480K)
 Metaspace       used 58754K, committed 59328K, reserved 270336K
  class space    used 7920K, committed 8192K, reserved 212992K
}
Event: 10.986 GC heap after
{Heap after GC invocations=10 (full 0):
 garbage-first heap   total 262144K, used 80556K [0x00000000e0000000, 0x0000000100000000)
  region size 1024K, 16 young (16384K), 16 survivors (16384K)
 Metaspace       used 58754K, committed 59328K, reserved 270336K
  class space    used 7920K, committed 8192K, reserved 212992K
}

