# JRE version: Java(TM) SE Runtime Environment (16.0.2+7) (build 16.0.2+7-67)
# Java VM: Java HotSpot(TM) 64-Bit Server VM (16.0.2+7-67, mixed mode, sharing, tiered, compressed oops, compressed class ptrs, g1 gc, windows-amd64)
GC Precious Log:
 CPUs: 8 total, 8 available
 Memory: 16214M
 Large Page Support: Disabled
 NUMA Support: Disabled
 Compressed Oops: Enabled (32-bit)
 Heap Region Size: 1M
 Heap Min Capacity: 256M
 Heap Initial Capacity: 256M
 Heap Max Capacity: 512M
 Pre-touch: Disabled
 Parallel Workers: 8
 Concurrent Workers: 2
 Concurrent Refinement Workers: 8
 Periodic GC: Disabled
Heap:
 garbage-first heap   total 262144K, used 154920K [0x00000000e0000000, 0x0000000100000000)
  region size 1024K, 113 young (115712K), 8 survivors (8192K)
 Metaspace       used 50358K, committed 51008K, reserved 262144K
  class space    used 6867K, committed 7168K, reserved 212992K
GC Heap History (12 events):
Event: 0.510 GC heap before
{Heap before GC invocations=0 (full 0):
 garbage-first heap   total 262144K, used 28672K [0x00000000e0000000, 0x0000000100000000)
  region size 1024K, 23 young (23552K), 0 survivors (0K)
 Metaspace       used 3131K, committed 3264K, reserved 221184K
  class space    used 380K, committed 448K, reserved 212992K
}
Event: 0.512 GC heap after
{Heap after GC invocations=1 (full 0):
 garbage-first heap   total 262144K, used 9345K [0x00000000e0000000, 0x0000000100000000)
  region size 1024K, 3 young (3072K), 3 survivors (3072K)
 Metaspace       used 3131K, committed 3264K, reserved 221184K
  class space    used 380K, committed 448K, reserved 212992K
}
Event: 0.766 GC heap before
{Heap before GC invocations=1 (full 0):
 garbage-first heap   total 262144K, used 38017K [0x00000000e0000000, 0x0000000100000000)
  region size 1024K, 31 young (31744K), 3 survivors (3072K)
 Metaspace       used 4063K, committed 4224K, reserved 221184K
  class space    used 477K, committed 576K, reserved 212992K
}
Event: 0.769 GC heap after
{Heap after GC invocations=2 (full 0):
 garbage-first heap   total 262144K, used 11333K [0x00000000e0000000, 0x0000000100000000)
  region size 1024K, 2 young (2048K), 2 survivors (2048K)
 Metaspace       used 4063K, committed 4224K, reserved 221184K
  class space    used 477K, committed 576K, reserved 212992K
}
Event: 2.793 GC heap before
{Heap before GC invocations=2 (full 0):
 garbage-first heap   total 262144K, used 118853K [0x00000000e0000000, 0x0000000100000000)
  region size 1024K, 108 young (110592K), 2 survivors (2048K)
 Metaspace       used 20991K, committed 21248K, reserved 237568K
  class space    used 3041K, committed 3200K, reserved 212992K
}
Event: 2.803 GC heap after
{Heap after GC invocations=3 (full 0):
 garbage-first heap   total 262144K, used 20541K [0x00000000e0000000, 0x0000000100000000)
  region size 1024K, 12 young (12288K), 12 survivors (12288K)
 Metaspace       used 20991K, committed 21248K, reserved 237568K
  class space    used 3041K, committed 3200K, reserved 212992K
}
Event: 4.547 GC heap before
{Heap before GC invocations=4 (full 0):
 garbage-first heap   total 262144K, used 130109K [0x00000000e0000000, 0x0000000100000000)
  region size 1024K, 118 young (120832K), 12 survivors (12288K)
 Metaspace       used 35182K, committed 35520K, reserved 245760K
  class space    used 4803K, committed 4992K, reserved 212992K
}
Event: 4.562 GC heap after
{Heap after GC invocations=5 (full 0):
 garbage-first heap   total 262144K, used 30287K [0x00000000e0000000, 0x0000000100000000)
  region size 1024K, 20 young (20480K), 20 survivors (20480K)
 Metaspace       used 35182K, committed 35520K, reserved 245760K
  class space    used 4803K, committed 4992K, reserved 212992K
}
Event: 6.389 GC heap before
{Heap before GC invocations=6 (full 0):
 garbage-first heap   total 262144K, used 166479K [0x00000000e0000000, 0x0000000100000000)
  region size 1024K, 153 young (156672K), 20 survivors (20480K)
 Metaspace       used 46597K, committed 47104K, reserved 253952K
  class space    used 6522K, committed 6720K, reserved 212992K
}
Event: 6.407 GC heap after
{Heap after GC invocations=7 (full 0):
 garbage-first heap   total 262144K, used 40711K [0x00000000e0000000, 0x0000000100000000)
  region size 1024K, 20 young (20480K), 20 survivors (20480K)
 Metaspace       used 46597K, committed 47104K, reserved 253952K
  class space    used 6522K, committed 6720K, reserved 212992K
}
Event: 7.694 GC heap before
{Heap before GC invocations=7 (full 0):
 garbage-first heap   total 262144K, used 175879K [0x00000000e0000000, 0x0000000100000000)
  region size 1024K, 153 young (156672K), 20 survivors (20480K)
 Metaspace       used 48773K, committed 49344K, reserved 262144K
  class space    used 6676K, committed 6912K, reserved 212992K
}
Event: 7.714 GC heap after
{Heap after GC invocations=8 (full 0):
 garbage-first heap   total 262144K, used 48424K [0x00000000e0000000, 0x0000000100000000)
  region size 1024K, 8 young (8192K), 8 survivors (8192K)
 Metaspace       used 48773K, committed 49344K, reserved 262144K
  class space    used 6676K, committed 6912K, reserved 212992K
}

